PreprocessShaders.OnProcessShader:   at System.Environment.get_StackTrace () [0x00000] in <e307bbb467104258887a104f6151f183>:0 
  at PreprocessShaders.OnProcessShader (UnityEngine.Shader shader, UnityEditor.Rendering.ShaderSnippetData snippet, System.Collections.Generic.IList`1[T] data) [0x00012] in /Users/5minlab/Project/SBP-ShaderKeywords-Bug-Final/Assets/Scripts/Editor/PreprocessShaders.cs:17 
  at UnityEditor.Build.BuildPipelineInterfaces.OnPreprocessShaders (UnityEngine.Shader shader, UnityEditor.Rendering.ShaderSnippetData snippet, UnityEditor.Rendering.ShaderCompilerData[] data) [0x00036] in /Users/bokken/build/output/unity/unity/Editor/Mono/BuildPipeline/BuildPipelineInterfaces.cs:561 
  at UnityEditor.Build.Content.ContentBuildInterface.WriteSerializedFile_Internal_Injected (System.String , UnityEditor.Build.Content.WriteCommand , UnityEditor.Build.Content.BuildSettings& , UnityEditor.Build.Content.BuildUsageTagGlobal& , UnityEditor.Build.Content.BuildUsageTagSet , UnityEditor.Build.Content.BuildReferenceMap , UnityEditor.Build.Content.PreloadInfo , UnityEditor.Build.Content.AssetBundleInfo , UnityEditor.Build.Content.WriteResult& ) [0x00000] in <157dde6dbb1c4de18b5d84a2674254f3>:0 
  at UnityEditor.Build.Content.ContentBuildInterface.WriteSerializedFile_Internal (System.String outputFolder, UnityEditor.Build.Content.WriteCommand writeCommand, UnityEditor.Build.Content.BuildSettings settings, UnityEditor.Build.Content.BuildUsageTagGlobal globalUsage, UnityEditor.Build.Content.BuildUsageTagSet usageSet, UnityEditor.Build.Content.BuildReferenceMap referenceMap, UnityEditor.Build.Content.PreloadInfo preloadInfo, UnityEditor.Build.Content.AssetBundleInfo bundleInfo) [0x00000] in <157dde6dbb1c4de18b5d84a2674254f3>:0 
  at UnityEditor.Build.Content.ContentBuildInterface.WriteSerializedFile (System.String outputFolder, UnityEditor.Build.Content.WriteParameters parameters) [0x0005f] in /Users/bokken/build/output/unity/unity/Modules/BuildPipeline/Editor/Managed/ContentBuildInterface.bindings.cs:174 
  at UnityEditor.Build.Pipeline.WriteTypes.AssetBundleWriteOperation.Write (System.String outputFolder, UnityEditor.Build.Content.BuildSettings settings, UnityEditor.Build.Content.BuildUsageTagGlobal globalUsage) [0x00000] in ./Library/PackageCache/com.unity.scriptablebuildpipeline@1.21.22/Editor/WriteTypes/AssetBundleWriteOperation.cs:36 
  at UnityEditor.Build.Pipeline.Tasks.WriteSerializedFiles.UnityEditor.Build.Pipeline.Utilities.TaskCachingUtility.IRunCachedCallbacks<UnityEditor.Build.Pipeline.Tasks.WriteSerializedFiles.Item>.ProcessUncached (UnityEditor.Build.Pipeline.Utilities.TaskCachingUtility+WorkItem`1[T] item) [0x0007f] in ./Library/PackageCache/com.unity.scriptablebuildpipeline@1.21.22/Editor/Tasks/WriteSerializedFiles.cs:172 
  at UnityEditor.Build.Pipeline.Utilities.TaskCachingUtility.RunCachedOperation[T] (UnityEditor.Build.Pipeline.Interfaces.IBuildCache cache, UnityEditor.Build.Pipeline.Interfaces.IBuildLogger log, UnityEditor.Build.Pipeline.Interfaces.IProgressTracker tracker, System.Collections.Generic.List`1[T] workItems, UnityEditor.Build.Pipeline.Utilities.TaskCachingUtility+IRunCachedCallbacks`1[T] cbs) [0x00177] in ./Library/PackageCache/com.unity.scriptablebuildpipeline@1.21.22/Editor/Utilities/TaskCachingUtility.cs:100 
  at UnityEditor.Build.Pipeline.Tasks.WriteSerializedFiles.Run () [0x0003b] in ./Library/PackageCache/com.unity.scriptablebuildpipeline@1.21.22/Editor/Tasks/WriteSerializedFiles.cs:120 
  at UnityEditor.Build.Pipeline.BuildTasksRunner.Run (System.Collections.Generic.IList`1[T] pipeline, UnityEditor.Build.Pipeline.Interfaces.IBuildContext context) [0x0009d] in ./Library/PackageCache/com.unity.scriptablebuildpipeline@1.21.22/Editor/Shared/BuildTasksRunner.cs:56 
  at UnityEditor.Build.Pipeline.ContentPipeline.BuildAssetBundles (UnityEditor.Build.Pipeline.Interfaces.IBundleBuildParameters parameters, UnityEditor.Build.Pipeline.Interfaces.IBundleBuildContent content, UnityEditor.Build.Pipeline.Interfaces.IBundleBuildResults& result, System.Collections.Generic.IList`1[T] taskList, UnityEditor.Build.Pipeline.Interfaces.IContextObject[] contextObjects) [0x001eb] in ./Library/PackageCache/com.unity.scriptablebuildpipeline@1.21.22/Editor/ContentPipeline.cs:155 
  at UnityEditor.AddressableAssets.Build.DataBuilders.BuildScriptPackedMode.DoBuild[TResult] (UnityEditor.AddressableAssets.Build.AddressablesDataBuilderInput builderInput, UnityEditor.AddressableAssets.Build.DataBuilders.AddressableAssetsBuildContext aaContext) [0x00154] in ./Library/PackageCache/com.unity.addressables@1.21.20/Editor/Build/DataBuilders/BuildScriptPackedMode.cs:314 
  at UnityEditor.AddressableAssets.Build.DataBuilders.BuildScriptPackedMode.BuildDataImplementation[TResult] (UnityEditor.AddressableAssets.Build.AddressablesDataBuilderInput builderInput) [0x000a3] in ./Library/PackageCache/com.unity.addressables@1.21.20/Editor/Build/DataBuilders/BuildScriptPackedMode.cs:91 
  at UnityEditor.AddressableAssets.Build.DataBuilders.BuildScriptBase.BuildData[TResult] (UnityEditor.AddressableAssets.Build.AddressablesDataBuilderInput builderInput) [0x00092] in ./Library/PackageCache/com.unity.addressables@1.21.20/Editor/Build/DataBuilders/BuildScriptBase.cs:92 
  at UnityEditor.AddressableAssets.Settings.AddressableAssetSettings.BuildPlayerContentImpl (UnityEditor.AddressableAssets.Build.AddressablesDataBuilderInput buildContext, System.Boolean buildAndRelease) [0x00032] in ./Library/PackageCache/com.unity.addressables@1.21.20/Editor/Settings/AddressableAssetSettings.cs:2847 
  at UnityEditor.AddressableAssets.Settings.AddressableAssetSettings.BuildPlayerContent (UnityEditor.AddressableAssets.Build.AddressablesPlayerBuildResult& result, UnityEditor.AddressableAssets.Build.AddressablesDataBuilderInput input) [0x0005a] in ./Library/PackageCache/com.unity.addressables@1.21.20/Editor/Settings/AddressableAssetSettings.cs:2810 
  at UnityEditor.AddressableAssets.Settings.AddressableAssetSettings.BuildPlayerContent (UnityEditor.AddressableAssets.Build.AddressablesPlayerBuildResult& result) [0x00000] in ./Library/PackageCache/com.unity.addressables@1.21.20/Editor/Settings/AddressableAssetSettings.cs:2787 
  at AddressablesPlayerBuildProcessor.PrepareForPlayerbuild (UnityEditor.AddressableAssets.Settings.AddressableAssetSettings settings, UnityEditor.Build.BuildPlayerContext buildPlayerContext, System.Boolean buildAddressables) [0x00046] in ./Library/PackageCache/com.unity.addressables@1.21.20/Editor/Build/AddressablesPlayerBuildProcessor.cs:101 
  at AddressablesPlayerBuildProcessor.PrepareForBuild (UnityEditor.Build.BuildPlayerContext buildPlayerContext) [0x00006] in ./Library/PackageCache/com.unity.addressables@1.21.20/Editor/Build/AddressablesPlayerBuildProcessor.cs:80 
  at UnityEditor.Build.BuildPipelineInterfaces.PreparePlayerBuild (UnityEditor.Build.BuildPlayerContext context) [0x00025] in /Users/bokken/build/output/unity/unity/Editor/Mono/BuildPipeline/BuildPipelineInterfaces.cs:490 
  at UnityEditor.BuildPipeline.PreparePlayerBuild (UnityEditor.BuildPlayerOptions buildPlayerOptions) [0x00008] in /Users/bokken/build/output/unity/unity/Editor/Mono/BuildPipeline.bindings.cs:309 
  at UnityEditor.BuildPipeline.BuildPlayerInternalNoCheck (System.String[] , System.String , System.String , UnityEditor.BuildTargetGroup , UnityEditor.BuildTarget , System.Int32 , UnityEditor.BuildOptions , System.String[] , System.Boolean ) [0x00000] in <157dde6dbb1c4de18b5d84a2674254f3>:0 
  at UnityEditor.BuildPipeline.BuildPlayerInternal (System.String[] levels, System.String locationPathName, System.String assetBundleManifestPath, UnityEditor.BuildTargetGroup buildTargetGroup, UnityEditor.BuildTarget target, System.Int32 subtarget, UnityEditor.BuildOptions options, System.String[] extraScriptingDefines) [0x00049] in /Users/bokken/build/output/unity/unity/Editor/Mono/BuildPipeline.bindings.cs:510 
  at UnityEditor.BuildPipeline.BuildPlayer (System.String[] scenes, System.String locationPathName, System.String assetBundleManifestPath, UnityEditor.BuildTargetGroup buildTargetGroup, UnityEditor.BuildTarget target, System.Int32 subtarget, UnityEditor.BuildOptions options, System.String[] extraScriptingDefines) [0x000ea] in /Users/bokken/build/output/unity/unity/Editor/Mono/BuildPipeline.bindings.cs:375 
  at UnityEditor.BuildPipeline.BuildPlayer (UnityEditor.BuildPlayerOptions buildPlayerOptions) [0x00001] in /Users/bokken/build/output/unity/unity/Editor/Mono/BuildPipeline.bindings.cs:339 
  at BuildScript.AndroidIL2CPP () [0x00031] in /Users/5minlab/Project/SBP-ShaderKeywords-Bug-Final/Assets/Scripts/Editor/BuildScript.cs:86 
  at BuildScript.MakeNotWorkBuild () [0x00005] in /Users/5minlab/Project/SBP-ShaderKeywords-Bug-Final/Assets/Scripts/Editor/BuildScript.cs:47 
[["_MAIN_LIGHT_SHADOWS"],["_MAIN_LIGHT_SHADOWS"]]
IList<IPreprocessShaders>: 
[-1] PreprocessShaders PreprocessShaders, Assembly-CSharp-Editor, Version=0.0.0.0, Culture=neutral, PublicKeyToken=null
[0] UnityEditor.Rendering.BuiltIn.ShaderPreprocessor UnityEditor.Rendering.BuiltIn.ShaderPreprocessor, Unity.ShaderGraph.Editor, Version=0.0.0.0, Culture=neutral, PublicKeyToken=null
[0] UnityEditor.Rendering.ShaderVariantStripper UnityEditor.Rendering.ShaderVariantStripper, Unity.RenderPipelines.Core.Editor, Version=0.0.0.0, Culture=neutral, PublicKeyToken=null
